# JRE version: Java(TM) SE Runtime Environment (8.0_202-b08) (build 1.8.0_202-b08)
# Java VM: Java HotSpot(TM) 64-Bit Server VM (25.202-b08 mixed mode windows-amd64 compressed oops)
Heap:
 PSYoungGen      total 1583104K, used 490527K [0x0000000716900000, 0x000000077b800000, 0x00000007c0000000)
  eden space 1559040K, 29% used [0x0000000716900000,0x000000073308aff0,0x0000000775b80000)
  from space 24064K, 99% used [0x0000000778300000,0x0000000779a7ceb0,0x0000000779a80000)
  to   space 40448K, 0% used [0x0000000775b80000,0x0000000775b80000,0x0000000778300000)
 ParOldGen       total 224256K, used 56032K [0x00000005c3a00000, 0x00000005d1500000, 0x0000000716900000)
  object space 224256K, 24% used [0x00000005c3a00000,0x00000005c70b8228,0x00000005d1500000)
 Metaspace       used 71593K, capacity 75791K, committed 76160K, reserved 1116160K
  class space    used 9432K, capacity 10246K, committed 10368K, reserved 1048576K
GC Heap History (10 events):
Event: 2.045 GC heap before
{Heap before GC invocations=7 (full 2):
 PSYoungGen      total 541184K, used 12181K [0x0000000716900000, 0x0000000752980000, 0x00000007c0000000)
  eden space 519680K, 0% used [0x0000000716900000,0x0000000716900000,0x0000000736480000)
  from space 21504K, 56% used [0x0000000736480000,0x00000007370657d8,0x0000000737980000)
  to   space 17920K, 0% used [0x0000000751800000,0x0000000751800000,0x0000000752980000)
 ParOldGen       total 146432K, used 5791K [0x00000005c3a00000, 0x00000005cc900000, 0x0000000716900000)
  object space 146432K, 3% used [0x00000005c3a00000,0x00000005c3fa7f00,0x00000005cc900000)
 Metaspace       used 33222K, capacity 35477K, committed 35496K, reserved 1079296K
  class space    used 4428K, capacity 4853K, committed 4864K, reserved 1048576K
Event: 2.091 GC heap after
Heap after GC invocations=7 (full 2):
 PSYoungGen      total 541184K, used 0K [0x0000000716900000, 0x0000000752980000, 0x00000007c0000000)
  eden space 519680K, 0% used [0x0000000716900000,0x0000000716900000,0x0000000736480000)
  from space 21504K, 0% used [0x0000000736480000,0x0000000736480000,0x0000000737980000)
  to   space 17920K, 0% used [0x0000000751800000,0x0000000751800000,0x0000000752980000)
 ParOldGen       total 185344K, used 17097K [0x00000005c3a00000, 0x00000005cef00000, 0x0000000716900000)
  object space 185344K, 9% used [0x00000005c3a00000,0x00000005c4ab2658,0x00000005cef00000)
 Metaspace       used 33222K, capacity 35477K, committed 35496K, reserved 1079296K
  class space    used 4428K, capacity 4853K, committed 4864K, reserved 1048576K
}
Event: 5.428 GC heap before
{Heap before GC invocations=8 (full 2):
 PSYoungGen      total 541184K, used 519680K [0x0000000716900000, 0x0000000752980000, 0x00000007c0000000)
  eden space 519680K, 100% used [0x0000000716900000,0x0000000736480000,0x0000000736480000)
  from space 21504K, 0% used [0x0000000736480000,0x0000000736480000,0x0000000737980000)
  to   space 17920K, 0% used [0x0000000751800000,0x0000000751800000,0x0000000752980000)
 ParOldGen       total 185344K, used 17097K [0x00000005c3a00000, 0x00000005cef00000, 0x0000000716900000)
  object space 185344K, 9% used [0x00000005c3a00000,0x00000005c4ab2658,0x00000005cef00000)
 Metaspace       used 54057K, capacity 57037K, committed 57216K, reserved 1099776K
  class space    used 6976K, capacity 7501K, committed 7552K, reserved 1048576K
Event: 5.437 GC heap after
Heap after GC invocations=8 (full 2):
 PSYoungGen      total 931840K, used 17897K [0x0000000716900000, 0x0000000752980000, 0x00000007c0000000)
  eden space 913920K, 0% used [0x0000000716900000,0x0000000716900000,0x000000074e580000)
  from space 17920K, 99% used [0x0000000751800000,0x000000075297a458,0x0000000752980000)
  to   space 24064K, 0% used [0x000000074fa80000,0x000000074fa80000,0x0000000751200000)
 ParOldGen       total 185344K, used 23210K [0x00000005c3a00000, 0x00000005cef00000, 0x0000000716900000)
  object space 185344K, 12% used [0x00000005c3a00000,0x00000005c50aa808,0x00000005cef00000)
 Metaspace       used 54057K, capacity 57037K, committed 57216K, reserved 1099776K
  class space    used 6976K, capacity 7501K, committed 7552K, reserved 1048576K
}
Event: 5.641 GC heap before
{Heap before GC invocations=9 (full 2):
 PSYoungGen      total 931840K, used 117706K [0x0000000716900000, 0x0000000752980000, 0x00000007c0000000)
  eden space 913920K, 10% used [0x0000000716900000,0x000000071ca78400,0x000000074e580000)
  from space 17920K, 99% used [0x0000000751800000,0x000000075297a458,0x0000000752980000)
  to   space 24064K, 0% used [0x000000074fa80000,0x000000074fa80000,0x0000000751200000)
 ParOldGen       total 185344K, used 23210K [0x00000005c3a00000, 0x00000005cef00000, 0x0000000716900000)
  object space 185344K, 12% used [0x00000005c3a00000,0x00000005c50aa808,0x00000005cef00000)
 Metaspace       used 56059K, capacity 59075K, committed 59160K, reserved 1101824K
  class space    used 7272K, capacity 7802K, committed 7808K, reserved 1048576K
Event: 5.650 GC heap after
Heap after GC invocations=9 (full 2):
 PSYoungGen      total 959488K, used 15647K [0x0000000716900000, 0x0000000779a80000, 0x00000007c0000000)
  eden space 935424K, 0% used [0x0000000716900000,0x0000000716900000,0x000000074fa80000)
  from space 24064K, 65% used [0x000000074fa80000,0x00000007509c7c90,0x0000000751200000)
  to   space 24064K, 0% used [0x0000000778300000,0x0000000778300000,0x0000000779a80000)
 ParOldGen       total 185344K, used 23218K [0x00000005c3a00000, 0x00000005cef00000, 0x0000000716900000)
  object space 185344K, 12% used [0x00000005c3a00000,0x00000005c50ac808,0x00000005cef00000)
 Metaspace       used 56059K, capacity 59075K, committed 59160K, reserved 1101824K
  class space    used 7272K, capacity 7802K, committed 7808K, reserved 1048576K
}
Event: 5.650 GC heap before
{Heap before GC invocations=10 (full 3):
 PSYoungGen      total 959488K, used 15647K [0x0000000716900000, 0x0000000779a80000, 0x00000007c0000000)
  eden space 935424K, 0% used [0x0000000716900000,0x0000000716900000,0x000000074fa80000)
  from space 24064K, 65% used [0x000000074fa80000,0x00000007509c7c90,0x0000000751200000)
  to   space 24064K, 0% used [0x0000000778300000,0x0000000778300000,0x0000000779a80000)
 ParOldGen       total 185344K, used 23218K [0x00000005c3a00000, 0x00000005cef00000, 0x0000000716900000)
  object space 185344K, 12% used [0x00000005c3a00000,0x00000005c50ac808,0x00000005cef00000)
 Metaspace       used 56059K, capacity 59075K, committed 59160K, reserved 1101824K
  class space    used 7272K, capacity 7802K, committed 7808K, reserved 1048576K
Event: 5.748 GC heap after
Heap after GC invocations=10 (full 3):
 PSYoungGen      total 959488K, used 0K [0x0000000716900000, 0x0000000779a80000, 0x00000007c0000000)
  eden space 935424K, 0% used [0x0000000716900000,0x0000000716900000,0x000000074fa80000)
  from space 24064K, 0% used [0x000000074fa80000,0x000000074fa80000,0x0000000751200000)
  to   space 24064K, 0% used [0x0000000778300000,0x0000000778300000,0x0000000779a80000)
 ParOldGen       total 224256K, used 25697K [0x00000005c3a00000, 0x00000005d1500000, 0x0000000716900000)
  object space 224256K, 11% used [0x00000005c3a00000,0x00000005c53185d8,0x00000005d1500000)
 Metaspace       used 56051K, capacity 59051K, committed 59160K, reserved 1101824K
  class space    used 7270K, capacity 7798K, committed 7808K, reserved 1048576K
}
Event: 7.541 GC heap before
{Heap before GC invocations=11 (full 3):
 PSYoungGen      total 959488K, used 935424K [0x0000000716900000, 0x0000000779a80000, 0x00000007c0000000)
  eden space 935424K, 100% used [0x0000000716900000,0x000000074fa80000,0x000000074fa80000)
  from space 24064K, 0% used [0x000000074fa80000,0x000000074fa80000,0x0000000751200000)
  to   space 24064K, 0% used [0x0000000778300000,0x0000000778300000,0x0000000779a80000)
 ParOldGen       total 224256K, used 25697K [0x00000005c3a00000, 0x00000005d1500000, 0x0000000716900000)
  object space 224256K, 11% used [0x00000005c3a00000,0x00000005c53185d8,0x00000005d1500000)
 Metaspace       used 66573K, capacity 70443K, committed 70528K, reserved 1110016K
  class space    used 8751K, capacity 9520K, committed 9600K, reserved 1048576K
Event: 7.561 GC heap after
Heap after GC invocations=11 (full 3):
 PSYoungGen      total 1583104K, used 24051K [0x0000000716900000, 0x000000077b800000, 0x00000007c0000000)
  eden space 1559040K, 0% used [0x0000000716900000,0x0000000716900000,0x0000000775b80000)
  from space 24064K, 99% used [0x0000000778300000,0x0000000779a7ceb0,0x0000000779a80000)
  to   space 40448K, 0% used [0x0000000775b80000,0x0000000775b80000,0x0000000778300000)
 ParOldGen       total 224256K, used 56032K [0x00000005c3a00000, 0x00000005d1500000, 0x0000000716900000)
  object space 224256K, 24% used [0x00000005c3a00000,0x00000005c70b8228,0x00000005d1500000)
 Metaspace       used 66573K, capacity 70443K, committed 70528K, reserved 1110016K
  class space    used 8751K, capacity 9520K, committed 9600K, reserved 1048576K
}

